2020-02-24 09:08:51,359 - success_log - INFO - Event Notification Report from 2010-09-20. 5 events, numbers 46249, 46252, 46255, 46258, 46259.
2020-02-24 09:08:52,516 - success_log - INFO - Event Notification Report from 2013-06-19. 6 events, numbers 49102, 49104, 49129, 49130, 49131, 49132.
2020-02-24 09:08:54,192 - success_log - INFO - Event Notification Report from 2004-01-07. 1 events, numbers 40428.
2020-02-24 09:08:55,091 - success_log - INFO - Event Notification Report from 2009-02-18. 6 events, numbers 44847, 44848, 44856, 44857, 44858, 44859.
2020-02-24 09:08:55,969 - success_log - INFO - Event Notification Report from 2006-06-26. 3 events, numbers 42640, 42661, 42662.
2020-02-24 09:08:56,861 - success_log - INFO - Event Notification Report from 2017-11-20. 4 events, numbers 53064, 53065, 53066, 53077.
2020-02-24 09:08:57,804 - success_log - INFO - Event Notification Report from 2009-01-13. 1 events, numbers 44761.
2020-02-24 09:08:58,667 - success_log - INFO - Event Notification Report from 2017-03-22. 4 events, numbers 52606, 52608, 52610, 52611.
2020-02-24 09:08:59,860 - success_log - INFO - Event Notification Report from 2017-11-13. 2 events, numbers 53050, 53067.
2020-02-24 09:09:00,849 - success_log - INFO - Event Notification Report from 2009-10-22. 6 events, numbers 45436, 45442, 45446, 45452, 45453, 45454.
2020-02-24 09:09:02,044 - success_log - INFO - Event Notification Report from 2010-12-03. 8 events, numbers 46354, 46422, 46445, 46446, 46447, 46448, 46449, 46450.
2020-02-24 09:09:02,807 - success_log - INFO - Event Notification Report from 2006-11-22. 1 events, numbers 43002.
2020-02-24 09:09:03,369 - success_log - INFO - Event Notification Report from 2012-07-18. 12 events, numbers 47879, 47884, 48079, 48081, 48085, 48086, 48110, 48111, 48112, 48113, 48114, 48116.
2020-02-24 09:09:04,425 - success_log - INFO - Event Notification Report from 2015-05-19. 8 events, numbers 51039, 51056, 51058, 51059, 51062, 51074, 51078, 51079.
2020-02-24 09:09:05,306 - success_log - INFO - Event Notification Report from 2005-07-29. 5 events, numbers 41867, 41873, 41877, 41878, 41879.
2020-02-24 09:09:06,354 - success_log - INFO - Event Notification Report from 2006-08-24. 7 events, numbers 42784, 42785, 42790, 42791, 42792, 42795, 42797.
2020-02-24 09:09:07,645 - success_log - INFO - Event Notification Report from 2017-02-02. 3 events, numbers 52509, 52526, 52527.
2020-02-24 09:09:09,080 - success_log - INFO - Event Notification Report from 2010-02-22. 7 events, numbers 45702, 45704, 45707, 45711, 45712, 45714, 45715.
2020-02-24 09:09:09,876 - success_log - INFO - Event Notification Report from 2009-05-06. 3 events, numbers 44912, 45034, 45043.
2020-02-24 09:09:11,176 - success_log - INFO - Event Notification Report from 2016-03-09. 4 events, numbers 51314, 51761, 51777, 51780.
2020-02-24 09:09:11,931 - success_log - INFO - Event Notification Report from 2011-03-10. 2 events, numbers 46661, 46664.
2020-02-24 09:09:13,056 - success_log - INFO - Event Notification Report from 2009-10-13. 10 events, numbers 45414, 45417, 45418, 45422, 45423, 45424, 45425, 45426, 45427, 45428.
2020-02-24 09:09:14,031 - success_log - INFO - Event Notification Report from 2011-06-24. 2 events, numbers 46786, 46979.
2020-02-24 09:09:15,071 - success_log - INFO - Event Notification Report from 2004-11-24. 7 events, numbers 41206, 41208, 41210, 41216, 41217, 41219, 41220.
2020-02-24 09:09:16,237 - success_log - INFO - Event Notification Report from 2015-04-14. 5 events, numbers 50351, 50954, 50958, 50959, 50981.
2020-02-24 09:09:16,968 - success_log - INFO - Event Notification Report from 2004-10-14. 1 events, numbers 41118.
2020-02-24 09:09:18,230 - success_log - INFO - Event Notification Report from 2009-06-17. 4 events, numbers 45123, 45125, 45126, 45133.
2020-02-24 09:09:19,226 - success_log - INFO - Event Notification Report from 2017-09-05. 8 events, numbers 52923, 52925, 52928, 52929, 52931, 52933, 52945, 52946.
2020-02-24 09:09:20,263 - success_log - INFO - Event Notification Report from 2006-07-13. 7 events, numbers 42689, 42694, 42696, 42697, 42701, 42702, 42703.
2020-02-24 09:09:21,612 - success_log - INFO - Event Notification Report from 2012-09-17. 9 events, numbers 48280, 48281, 48286, 48305, 48306, 48309, 48310, 48311, 48312.
2020-02-24 09:09:22,669 - success_log - INFO - Event Notification Report from 2014-11-21. 7 events, numbers 50496, 50605, 50608, 50609, 50611, 50630, 50631.
2020-02-24 09:09:23,719 - success_log - INFO - Event Notification Report from 2012-01-18. 6 events, numbers 47586, 47589, 47591, 47592, 47595, 47600.
2020-02-24 09:09:24,900 - success_log - INFO - Event Notification Report from 2012-04-09. 9 events, numbers 47796, 47800, 47810, 47811, 47812, 47813, 47814, 47815, 47816.
2020-02-24 09:09:27,326 - success_log - INFO - Event Notification Report from 2015-06-02. 8 events, numbers 50979, 51088, 51091, 51106, 51107, 51108, 51109, 51112.
2020-02-24 09:09:28,680 - success_log - INFO - Event Notification Report from 2016-02-08. 10 events, numbers 51690, 51691, 51692, 51693, 51697, 51698, 51699, 51703, 51712, 51715.
2020-02-24 09:09:29,646 - success_log - INFO - Event Notification Report from 2012-02-08. 3 events, numbers 46230, 47512, 47631.
2020-02-24 09:09:30,712 - success_log - INFO - Event Notification Report from 2016-03-10. 4 events, numbers 51761, 51763, 51780, 51784.
2020-02-24 09:09:31,989 - success_log - INFO - Event Notification Report from 2017-08-07. 4 events, numbers 52875, 52878, 52888, 52889.
2020-02-24 09:09:33,123 - success_log - INFO - Event Notification Report from 2009-12-23. 8 events, numbers 45509, 45573, 45578, 45579, 45581, 45582, 45585, 45586.
2020-02-24 09:09:34,236 - success_log - INFO - Event Notification Report from 2009-05-08. 7 events, numbers 44242, 45016, 45039, 45040, 45041, 45045, 45046.
2020-02-24 09:09:35,275 - success_log - INFO - Event Notification Report from 2015-01-29. 8 events, numbers 50745, 50746, 50747, 50772, 50773, 50774, 50775, 50778.
2020-02-24 09:09:36,225 - success_log - INFO - Event Notification Report from 2013-03-27. 6 events, numbers 48784, 48826, 48831, 48851, 48852, 48853.
2020-02-24 09:09:37,964 - success_log - INFO - Event Notification Report from 2004-07-30. 7 events, numbers 40889, 40898, 40900, 40904, 40905, 40906, 40908.
2020-02-24 09:09:39,010 - success_log - INFO - Event Notification Report from 2016-07-15. 7 events, numbers 52066, 52068, 52071, 52082, 52085, 52086, 52090.
2020-02-24 09:09:42,496 - success_log - INFO - Event Notification Report from 2011-08-24. 20 events, numbers 47152, 47165, 47168, 47173, 47180, 47181, 47182, 47183, 47184, 47185, 47186, 47187, 47188, 47189, 47190, 47191, 47192, 47193, 47194, 47195.
2020-02-24 09:09:43,188 - success_log - INFO - Event Notification Report from 2015-01-14. 1 events, numbers 50733.
2020-02-24 09:09:44,096 - success_log - INFO - Event Notification Report from 2009-12-15. 1 events, numbers 45567.
2020-02-24 09:09:45,019 - success_log - INFO - Event Notification Report from 2008-04-04. 5 events, numbers 44105, 44110, 44113, 44117, 44118.
2020-02-24 09:09:46,182 - success_log - INFO - Event Notification Report from 2015-01-13. 2 events, numbers 50730, 50732.
2020-02-24 09:09:47,057 - success_log - INFO - Event Notification Report from 2012-09-25. 4 events, numbers 48307, 48308, 48315, 48338.
2020-02-24 09:09:47,859 - success_log - INFO - Event Notification Report from 2006-03-28. 3 events, numbers 42318, 42440, 42441.
2020-02-24 09:09:48,977 - success_log - INFO - Event Notification Report from 2014-07-08. 5 events, numbers 50232, 50239, 50240, 50260, 50261.
2020-02-24 09:09:50,067 - success_log - INFO - Event Notification Report from 2011-06-14. 7 events, numbers 46734, 46938, 46951, 46953, 46954, 46955, 46957.
2020-02-24 09:09:51,752 - success_log - INFO - Event Notification Report from 2006-01-25. 4 events, numbers 42273, 42275, 42279, 42285.
2020-02-24 09:09:52,668 - success_log - INFO - Event Notification Report from 2014-12-16. 5 events, numbers 50646, 50656, 50657, 50659, 50678.
2020-02-24 09:09:53,503 - success_log - INFO - Event Notification Report from 2009-01-14. 4 events, numbers 44761, 44764, 44765, 44770.
2020-02-24 09:09:54,368 - success_log - INFO - Event Notification Report from 2006-05-15. 6 events, numbers 42562, 42571, 42572, 42573, 42574, 42575.
2020-02-24 09:09:55,139 - success_log - INFO - Event Notification Report from 2009-07-29. 2 events, numbers 45221, 45226.
2020-02-24 09:09:56,466 - success_log - INFO - Event Notification Report from 2006-04-28. 8 events, numbers 42521, 42522, 42523, 42525, 42530, 42531, 42533, 42534.
